# JRE version: OpenJDK Runtime Environment (8.0_131-b11) (build 1.8.0_131-8u131-b11-0ubuntu1.16.04.2-b11)
# Java VM: OpenJDK 64-Bit Server VM (25.131-b11 mixed mode linux-amd64 compressed oops)
Heap:
 def new generation   total 76160K, used 22250K [0x00000000f0800000, 0x00000000f5aa0000, 0x00000000f5aa0000)
  eden space 67712K,  22% used [0x00000000f0800000, 0x00000000f16ca7a0, 0x00000000f4a20000)
  from space 8448K,  84% used [0x00000000f5260000, 0x00000000f5950428, 0x00000000f5aa0000)
  to   space 8448K,   0% used [0x00000000f4a20000, 0x00000000f4a20000, 0x00000000f5260000)
 tenured generation   total 169344K, used 60545K [0x00000000f5aa0000, 0x0000000100000000, 0x0000000100000000)
   the space 169344K,  35% used [0x00000000f5aa0000, 0x00000000f95c0720, 0x00000000f95c0800, 0x0000000100000000)
 Metaspace       used 53412K, capacity 55392K, committed 55552K, reserved 1097728K
  class space    used 6943K, capacity 7565K, committed 7680K, reserved 1048576K
GC Heap History (10 events):
Event: 65.007 GC heap before
{Heap before GC invocations=134 (full 14):
 def new generation   total 76160K, used 70679K [0x00000000f0800000, 0x00000000f5aa0000, 0x00000000f5aa0000)
  eden space 67712K,  99% used [0x00000000f0800000, 0x00000000f49f3a70, 0x00000000f4a20000)
  from space 8448K,  37% used [0x00000000f4a20000, 0x00000000f4d32230, 0x00000000f5260000)
  to   space 8448K,   0% used [0x00000000f5260000, 0x00000000f5260000, 0x00000000f5aa0000)
 tenured generation   total 169344K, used 60545K [0x00000000f5aa0000, 0x0000000100000000, 0x0000000100000000)
   the space 169344K,  35% used [0x00000000f5aa0000, 0x00000000f95c0720, 0x00000000f95c0800, 0x0000000100000000)
 Metaspace       used 47074K, capacity 48998K, committed 49152K, reserved 1091584K
  class space    used 6231K, capacity 6819K, committed 6912K, reserved 1048576K
Event: 65.010 GC heap after
Heap after GC invocations=135 (full 14):
 def new generation   total 76160K, used 1278K [0x00000000f0800000, 0x00000000f5aa0000, 0x00000000f5aa0000)
  eden space 67712K,   0% used [0x00000000f0800000, 0x00000000f0800000, 0x00000000f4a20000)
  from space 8448K,  15% used [0x00000000f5260000, 0x00000000f539f888, 0x00000000f5aa0000)
  to   space 8448K,   0% used [0x00000000f4a20000, 0x00000000f4a20000, 0x00000000f5260000)
 tenured generation   total 169344K, used 60545K [0x00000000f5aa0000, 0x0000000100000000, 0x0000000100000000)
   the space 169344K,  35% used [0x00000000f5aa0000, 0x00000000f95c0720, 0x00000000f95c0800, 0x0000000100000000)
 Metaspace       used 47074K, capacity 48998K, committed 49152K, reserved 1091584K
  class space    used 6231K, capacity 6819K, committed 6912K, reserved 1048576K
}
Event: 65.477 GC heap before
{Heap before GC invocations=135 (full 14):
 def new generation   total 76160K, used 68990K [0x00000000f0800000, 0x00000000f5aa0000, 0x00000000f5aa0000)
  eden space 67712K, 100% used [0x00000000f0800000, 0x00000000f4a20000, 0x00000000f4a20000)
  from space 8448K,  15% used [0x00000000f5260000, 0x00000000f539f888, 0x00000000f5aa0000)
  to   space 8448K,   0% used [0x00000000f4a20000, 0x00000000f4a20000, 0x00000000f5260000)
 tenured generation   total 169344K, used 60545K [0x00000000f5aa0000, 0x0000000100000000, 0x0000000100000000)
   the space 169344K,  35% used [0x00000000f5aa0000, 0x00000000f95c0720, 0x00000000f95c0800, 0x0000000100000000)
 Metaspace       used 47106K, capacity 49062K, committed 49408K, reserved 1091584K
  class space    used 6234K, capacity 6819K, committed 6912K, reserved 1048576K
Event: 65.483 GC heap after
Heap after GC invocations=136 (full 14):
 def new generation   total 76160K, used 4078K [0x00000000f0800000, 0x00000000f5aa0000, 0x00000000f5aa0000)
  eden space 67712K,   0% used [0x00000000f0800000, 0x00000000f0800000, 0x00000000f4a20000)
  from space 8448K,  48% used [0x00000000f4a20000, 0x00000000f4e1baa8, 0x00000000f5260000)
  to   space 8448K,   0% used [0x00000000f5260000, 0x00000000f5260000, 0x00000000f5aa0000)
 tenured generation   total 169344K, used 60545K [0x00000000f5aa0000, 0x0000000100000000, 0x0000000100000000)
   the space 169344K,  35% used [0x00000000f5aa0000, 0x00000000f95c0720, 0x00000000f95c0800, 0x0000000100000000)
 Metaspace       used 47106K, capacity 49062K, committed 49408K, reserved 1091584K
  class space    used 6234K, capacity 6819K, committed 6912K, reserved 1048576K
}
Event: 65.810 GC heap before
{Heap before GC invocations=136 (full 14):
 def new generation   total 76160K, used 71645K [0x00000000f0800000, 0x00000000f5aa0000, 0x00000000f5aa0000)
  eden space 67712K,  99% used [0x00000000f0800000, 0x00000000f49fbbc0, 0x00000000f4a20000)
  from space 8448K,  48% used [0x00000000f4a20000, 0x00000000f4e1baa8, 0x00000000f5260000)
  to   space 8448K,   0% used [0x00000000f5260000, 0x00000000f5260000, 0x00000000f5aa0000)
 tenured generation   total 169344K, used 60545K [0x00000000f5aa0000, 0x0000000100000000, 0x0000000100000000)
   the space 169344K,  35% used [0x00000000f5aa0000, 0x00000000f95c0720, 0x00000000f95c0800, 0x0000000100000000)
 Metaspace       used 47107K, capacity 49062K, committed 49408K, reserved 1091584K
  class space    used 6234K, capacity 6819K, committed 6912K, reserved 1048576K
Event: 65.817 GC heap after
Heap after GC invocations=137 (full 14):
 def new generation   total 76160K, used 2072K [0x00000000f0800000, 0x00000000f5aa0000, 0x00000000f5aa0000)
  eden space 67712K,   0% used [0x00000000f0800000, 0x00000000f0800000, 0x00000000f4a20000)
  from space 8448K,  24% used [0x00000000f5260000, 0x00000000f5466128, 0x00000000f5aa0000)
  to   space 8448K,   0% used [0x00000000f4a20000, 0x00000000f4a20000, 0x00000000f5260000)
 tenured generation   total 169344K, used 60545K [0x00000000f5aa0000, 0x0000000100000000, 0x0000000100000000)
   the space 169344K,  35% used [0x00000000f5aa0000, 0x00000000f95c0720, 0x00000000f95c0800, 0x0000000100000000)
 Metaspace       used 47107K, capacity 49062K, committed 49408K, reserved 1091584K
  class space    used 6234K, capacity 6819K, committed 6912K, reserved 1048576K
}
Event: 66.706 GC heap before
{Heap before GC invocations=137 (full 14):
 def new generation   total 76160K, used 69784K [0x00000000f0800000, 0x00000000f5aa0000, 0x00000000f5aa0000)
  eden space 67712K, 100% used [0x00000000f0800000, 0x00000000f4a20000, 0x00000000f4a20000)
  from space 8448K,  24% used [0x00000000f5260000, 0x00000000f5466128, 0x00000000f5aa0000)
  to   space 8448K,   0% used [0x00000000f4a20000, 0x00000000f4a20000, 0x00000000f5260000)
 tenured generation   total 169344K, used 60545K [0x00000000f5aa0000, 0x0000000100000000, 0x0000000100000000)
   the space 169344K,  35% used [0x00000000f5aa0000, 0x00000000f95c0720, 0x00000000f95c0800, 0x0000000100000000)
 Metaspace       used 47125K, capacity 49062K, committed 49408K, reserved 1091584K
  class space    used 6234K, capacity 6819K, committed 6912K, reserved 1048576K
Event: 66.712 GC heap after
Heap after GC invocations=138 (full 14):
 def new generation   total 76160K, used 2986K [0x00000000f0800000, 0x00000000f5aa0000, 0x00000000f5aa0000)
  eden space 67712K,   0% used [0x00000000f0800000, 0x00000000f0800000, 0x00000000f4a20000)
  from space 8448K,  35% used [0x00000000f4a20000, 0x00000000f4d0aa58, 0x00000000f5260000)
  to   space 8448K,   0% used [0x00000000f5260000, 0x00000000f5260000, 0x00000000f5aa0000)
 tenured generation   total 169344K, used 60545K [0x00000000f5aa0000, 0x0000000100000000, 0x0000000100000000)
   the space 169344K,  35% used [0x00000000f5aa0000, 0x00000000f95c0720, 0x00000000f95c0800, 0x0000000100000000)
 Metaspace       used 47125K, capacity 49062K, committed 49408K, reserved 1091584K
  class space    used 6234K, capacity 6819K, committed 6912K, reserved 1048576K
}
Event: 119.492 GC heap before
{Heap before GC invocations=138 (full 14):
 def new generation   total 76160K, used 70698K [0x00000000f0800000, 0x00000000f5aa0000, 0x00000000f5aa0000)
  eden space 67712K, 100% used [0x00000000f0800000, 0x00000000f4a20000, 0x00000000f4a20000)
  from space 8448K,  35% used [0x00000000f4a20000, 0x00000000f4d0aa58, 0x00000000f5260000)
  to   space 8448K,   0% used [0x00000000f5260000, 0x00000000f5260000, 0x00000000f5aa0000)
 tenured generation   total 169344K, used 60545K [0x00000000f5aa0000, 0x0000000100000000, 0x0000000100000000)
   the space 169344K,  35% used [0x00000000f5aa0000, 0x00000000f95c0720, 0x00000000f95c0800, 0x0000000100000000)
 Metaspace       used 51812K, capacity 53738K, committed 54016K, reserved 1095680K
  class space    used 6793K, capacity 7396K, committed 7424K, reserved 1048576K
Event: 119.543 GC heap after
Heap after GC invocations=139 (full 14):
 def new generation   total 76160K, used 7105K [0x00000000f0800000, 0x00000000f5aa0000, 0x00000000f5aa0000)
  eden space 67712K,   0% used [0x00000000f0800000, 0x00000000f0800000, 0x00000000f4a20000)
  from space 8448K,  84% used [0x00000000f5260000, 0x00000000f5950428, 0x00000000f5aa0000)
  to   space 8448K,   0% used [0x00000000f4a20000, 0x00000000f4a20000, 0x00000000f5260000)
 tenured generation   total 169344K, used 60545K [0x00000000f5aa0000, 0x0000000100000000, 0x0000000100000000)
   the space 169344K,  35% used [0x00000000f5aa0000, 0x00000000f95c0720, 0x00000000f95c0800, 0x0000000100000000)
 Metaspace       used 51812K, capacity 53738K, committed 54016K, reserved 1095680K
  class space    used 6793K, capacity 7396K, committed 7424K, reserved 1048576K
}

