# JRE version: OpenJDK Runtime Environment (8.0_131-b11) (build 1.8.0_131-8u131-b11-0ubuntu1.16.04.2-b11)
# Java VM: OpenJDK 64-Bit Server VM (25.131-b11 mixed mode linux-amd64 compressed oops)
Heap:
 def new generation   total 169984K, used 169983K [0x00000000c0000000, 0x00000000cb870000, 0x00000000d5550000)
  eden space 151104K, 100% used [0x00000000c0000000, 0x00000000c9390000, 0x00000000c9390000)
  from space 18880K,  99% used [0x00000000ca600000, 0x00000000cb86fff8, 0x00000000cb870000)
  to   space 18880K,  99% used [0x00000000c9390000, 0x00000000ca5ffff8, 0x00000000ca600000)
 tenured generation   total 404768K, used 404768K [0x00000000d5550000, 0x00000000ee098000, 0x0000000100000000)
   the space 404768K, 100% used [0x00000000d5550000, 0x00000000ee098000, 0x00000000ee098000, 0x00000000ee098000)
 Metaspace       used 45605K, capacity 47484K, committed 47616K, reserved 1089536K
  class space    used 6074K, capacity 6631K, committed 6656K, reserved 1048576K
GC Heap History (10 events):
Event: 28.565 GC heap after
Heap after GC invocations=118 (full 11):
 def new generation   total 169984K, used 18880K [0x00000000c0000000, 0x00000000cb870000, 0x00000000d5550000)
  eden space 151104K,   0% used [0x00000000c0000000, 0x00000000c0000000, 0x00000000c9390000)
  from space 18880K, 100% used [0x00000000ca600000, 0x00000000cb870000, 0x00000000cb870000)
  to   space 18880K,   0% used [0x00000000c9390000, 0x00000000c9390000, 0x00000000ca600000)
 tenured generation   total 377504K, used 358724K [0x00000000d5550000, 0x00000000ec5f8000, 0x0000000100000000)
   the space 377504K,  95% used [0x00000000d5550000, 0x00000000eb3a11b8, 0x00000000eb3a1200, 0x00000000ec5f8000)
 Metaspace       used 45588K, capacity 47484K, committed 47616K, reserved 1089536K
  class space    used 6074K, capacity 6631K, committed 6656K, reserved 1048576K
}
Event: 29.536 GC heap before
{Heap before GC invocations=118 (full 11):
 def new generation   total 169984K, used 152435K [0x00000000c0000000, 0x00000000cb870000, 0x00000000d5550000)
  eden space 151104K,  88% used [0x00000000c0000000, 0x00000000c826cf78, 0x00000000c9390000)
  from space 18880K, 100% used [0x00000000ca600000, 0x00000000cb870000, 0x00000000cb870000)
  to   space 18880K,   0% used [0x00000000c9390000, 0x00000000c9390000, 0x00000000ca600000)
 tenured generation   total 377504K, used 358724K [0x00000000d5550000, 0x00000000ec5f8000, 0x0000000100000000)
   the space 377504K,  95% used [0x00000000d5550000, 0x00000000eb3a11b8, 0x00000000eb3a1200, 0x00000000ec5f8000)
 Metaspace       used 45588K, capacity 47484K, committed 47616K, reserved 1089536K
  class space    used 6074K, capacity 6631K, committed 6656K, reserved 1048576K
Event: 29.877 GC heap after
Heap after GC invocations=119 (full 12):
 def new generation   total 169984K, used 0K [0x00000000c0000000, 0x00000000cb870000, 0x00000000d5550000)
  eden space 151104K,   0% used [0x00000000c0000000, 0x00000000c0000000, 0x00000000c9390000)
  from space 18880K,   0% used [0x00000000c9390000, 0x00000000c9390000, 0x00000000ca600000)
  to   space 18880K,   0% used [0x00000000ca600000, 0x00000000ca600000, 0x00000000cb870000)
 tenured generation   total 377504K, used 58239K [0x00000000d5550000, 0x00000000ec5f8000, 0x0000000100000000)
   the space 377504K,  15% used [0x00000000d5550000, 0x00000000d8e2feb8, 0x00000000d8e30000, 0x00000000ec5f8000)
 Metaspace       used 45588K, capacity 47484K, committed 47616K, reserved 1089536K
  class space    used 6074K, capacity 6631K, committed 6656K, reserved 1048576K
}
Event: 30.257 GC heap before
{Heap before GC invocations=119 (full 12):
 def new generation   total 169984K, used 151104K [0x00000000c0000000, 0x00000000cb870000, 0x00000000d5550000)
  eden space 151104K, 100% used [0x00000000c0000000, 0x00000000c9390000, 0x00000000c9390000)
  from space 18880K,   0% used [0x00000000c9390000, 0x00000000c9390000, 0x00000000ca600000)
  to   space 18880K,   0% used [0x00000000ca600000, 0x00000000ca600000, 0x00000000cb870000)
 tenured generation   total 377504K, used 58239K [0x00000000d5550000, 0x00000000ec5f8000, 0x0000000100000000)
   the space 377504K,  15% used [0x00000000d5550000, 0x00000000d8e2feb8, 0x00000000d8e30000, 0x00000000ec5f8000)
 Metaspace       used 45588K, capacity 47484K, committed 47616K, reserved 1089536K
  class space    used 6074K, capacity 6631K, committed 6656K, reserved 1048576K
Event: 30.437 GC heap after
Heap after GC invocations=120 (full 12):
 def new generation   total 169984K, used 18880K [0x00000000c0000000, 0x00000000cb870000, 0x00000000d5550000)
  eden space 151104K,   0% used [0x00000000c0000000, 0x00000000c0000000, 0x00000000c9390000)
  from space 18880K, 100% used [0x00000000ca600000, 0x00000000cb870000, 0x00000000cb870000)
  to   space 18880K,   0% used [0x00000000c9390000, 0x00000000c9390000, 0x00000000ca600000)
 tenured generation   total 377504K, used 190463K [0x00000000d5550000, 0x00000000ec5f8000, 0x0000000100000000)
   the space 377504K,  50% used [0x00000000d5550000, 0x00000000e0f4fce0, 0x00000000e0f4fe00, 0x00000000ec5f8000)
 Metaspace       used 45588K, capacity 47484K, committed 47616K, reserved 1089536K
  class space    used 6074K, capacity 6631K, committed 6656K, reserved 1048576K
}
Event: 31.087 GC heap before
{Heap before GC invocations=120 (full 12):
 def new generation   total 169984K, used 169984K [0x00000000c0000000, 0x00000000cb870000, 0x00000000d5550000)
  eden space 151104K, 100% used [0x00000000c0000000, 0x00000000c9390000, 0x00000000c9390000)
  from space 18880K, 100% used [0x00000000ca600000, 0x00000000cb870000, 0x00000000cb870000)
  to   space 18880K,   0% used [0x00000000c9390000, 0x00000000c9390000, 0x00000000ca600000)
 tenured generation   total 377504K, used 190463K [0x00000000d5550000, 0x00000000ec5f8000, 0x0000000100000000)
   the space 377504K,  50% used [0x00000000d5550000, 0x00000000e0f4fce0, 0x00000000e0f4fe00, 0x00000000ec5f8000)
 Metaspace       used 45588K, capacity 47484K, committed 47616K, reserved 1089536K
  class space    used 6074K, capacity 6631K, committed 6656K, reserved 1048576K
Event: 31.438 GC heap after
Heap after GC invocations=121 (full 12):
 def new generation   total 169984K, used 18880K [0x00000000c0000000, 0x00000000cb870000, 0x00000000d5550000)
  eden space 151104K,   0% used [0x00000000c0000000, 0x00000000c0000000, 0x00000000c9390000)
  from space 18880K, 100% used [0x00000000c9390000, 0x00000000ca600000, 0x00000000ca600000)
  to   space 18880K,   0% used [0x00000000ca600000, 0x00000000ca600000, 0x00000000cb870000)
 tenured generation   total 377504K, used 341566K [0x00000000d5550000, 0x00000000ec5f8000, 0x0000000100000000)
   the space 377504K,  90% used [0x00000000d5550000, 0x00000000ea2df820, 0x00000000ea2dfa00, 0x00000000ec5f8000)
 Metaspace       used 45588K, capacity 47484K, committed 47616K, reserved 1089536K
  class space    used 6074K, capacity 6631K, committed 6656K, reserved 1048576K
}
Event: 33.886 GC heap before
{Heap before GC invocations=121 (full 12):
 def new generation   total 169984K, used 169704K [0x00000000c0000000, 0x00000000cb870000, 0x00000000d5550000)
  eden space 151104K,  99% used [0x00000000c0000000, 0x00000000c934a288, 0x00000000c9390000)
  from space 18880K, 100% used [0x00000000c9390000, 0x00000000ca600000, 0x00000000ca600000)
  to   space 18880K,   0% used [0x00000000ca600000, 0x00000000ca600000, 0x00000000cb870000)
 tenured generation   total 377504K, used 341566K [0x00000000d5550000, 0x00000000ec5f8000, 0x0000000100000000)
   the space 377504K,  90% used [0x00000000d5550000, 0x00000000ea2df820, 0x00000000ea2dfa00, 0x00000000ec5f8000)
 Metaspace       used 45599K, capacity 47484K, committed 47616K, reserved 1089536K
  class space    used 6074K, capacity 6631K, committed 6656K, reserved 1048576K
Event: 33.984 GC heap after
Heap after GC invocations=122 (full 12):
 def new generation   total 169984K, used 18879K [0x00000000c0000000, 0x00000000cb870000, 0x00000000d5550000)
  eden space 151104K,   0% used [0x00000000c0000000, 0x00000000c0000000, 0x00000000c9390000)
  from space 18880K,  99% used [0x00000000ca600000, 0x00000000cb86fff8, 0x00000000cb870000)
  to   space 18880K,   0% used [0x00000000c9390000, 0x00000000c9390000, 0x00000000ca600000)
 tenured generation   total 377504K, used 365956K [0x00000000d5550000, 0x00000000ec5f8000, 0x0000000100000000)
   the space 377504K,  96% used [0x00000000d5550000, 0x00000000ebab1398, 0x00000000ebab1400, 0x00000000ec5f8000)
 Metaspace       used 45599K, capacity 47484K, committed 47616K, reserved 1089536K
  class space    used 6074K, capacity 6631K, committed 6656K, reserved 1048576K
}
Event: 34.740 GC heap before
{Heap before GC invocations=122 (full 12):
 def new generation   total 169984K, used 169983K [0x00000000c0000000, 0x00000000cb870000, 0x00000000d5550000)
  eden space 151104K, 100% used [0x00000000c0000000, 0x00000000c9390000, 0x00000000c9390000)
  from space 18880K,  99% used [0x00000000ca600000, 0x00000000cb86fff8, 0x00000000cb870000)
  to   space 18880K,   0% used [0x00000000c9390000, 0x00000000c9390000, 0x00000000ca600000)
 tenured generation   total 377504K, used 365956K [0x00000000d5550000, 0x00000000ec5f8000, 0x0000000100000000)
   the space 377504K,  96% used [0x00000000d5550000, 0x00000000ebab1398, 0x00000000ebab1400, 0x00000000ec5f8000)
 Metaspace       used 45605K, capacity 47484K, committed 47616K, reserved 1089536K
  class space    used 6074K, capacity 6631K, committed 6656K, reserved 1048576K

