# JRE version: OpenJDK Runtime Environment (8.0_131-b11) (build 1.8.0_131-8u131-b11-0ubuntu1.16.04.2-b11)
# Java VM: OpenJDK 64-Bit Server VM (25.131-b11 mixed mode linux-amd64 compressed oops)
Heap:
 def new generation   total 235968K, used 139497K [0x00000000d0000000, 0x00000000e0000000, 0x00000000e0000000)
  eden space 209792K,  58% used [0x00000000d0000000, 0x00000000d7872e28, 0x00000000dcce0000)
  from space 26176K,  61% used [0x00000000dcce0000, 0x00000000ddca75e8, 0x00000000de670000)
  to   space 26176K,   0% used [0x00000000de670000, 0x00000000de670000, 0x00000000e0000000)
 tenured generation   total 524288K, used 153054K [0x00000000e0000000, 0x0000000100000000, 0x0000000100000000)
   the space 524288K,  29% used [0x00000000e0000000, 0x00000000e9577858, 0x00000000e9577a00, 0x0000000100000000)
 Metaspace       used 78517K, capacity 82438K, committed 82520K, reserved 1120256K
  class space    used 10133K, capacity 11346K, committed 11352K, reserved 1048576K
GC Heap History (10 events):
Event: 91.541 GC heap before
{Heap before GC invocations=28 (full 3):
 def new generation   total 235968K, used 223767K [0x00000000d0000000, 0x00000000e0000000, 0x00000000e0000000)
  eden space 209792K,  99% used [0x00000000d0000000, 0x00000000dcc30068, 0x00000000dcce0000)
  from space 26176K,  56% used [0x00000000de670000, 0x00000000df4c5ec8, 0x00000000e0000000)
  to   space 26176K,   0% used [0x00000000dcce0000, 0x00000000dcce0000, 0x00000000de670000)
 tenured generation   total 524288K, used 135222K [0x00000000e0000000, 0x0000000100000000, 0x0000000100000000)
   the space 524288K,  25% used [0x00000000e0000000, 0x00000000e840dad0, 0x00000000e840dc00, 0x0000000100000000)
 Metaspace       used 70497K, capacity 73328K, committed 73560K, reserved 1114112K
  class space    used 8902K, capacity 9757K, committed 9816K, reserved 1048576K
Event: 91.573 GC heap after
Heap after GC invocations=29 (full 3):
 def new generation   total 235968K, used 19666K [0x00000000d0000000, 0x00000000e0000000, 0x00000000e0000000)
  eden space 209792K,   0% used [0x00000000d0000000, 0x00000000d0000000, 0x00000000dcce0000)
  from space 26176K,  75% used [0x00000000dcce0000, 0x00000000de014920, 0x00000000de670000)
  to   space 26176K,   0% used [0x00000000de670000, 0x00000000de670000, 0x00000000e0000000)
 tenured generation   total 524288K, used 139710K [0x00000000e0000000, 0x0000000100000000, 0x0000000100000000)
   the space 524288K,  26% used [0x00000000e0000000, 0x00000000e886fa50, 0x00000000e886fc00, 0x0000000100000000)
 Metaspace       used 70497K, capacity 73328K, committed 73560K, reserved 1114112K
  class space    used 8902K, capacity 9757K, committed 9816K, reserved 1048576K
}
Event: 157.077 GC heap before
{Heap before GC invocations=29 (full 3):
 def new generation   total 235968K, used 229458K [0x00000000d0000000, 0x00000000e0000000, 0x00000000e0000000)
  eden space 209792K, 100% used [0x00000000d0000000, 0x00000000dcce0000, 0x00000000dcce0000)
  from space 26176K,  75% used [0x00000000dcce0000, 0x00000000de014920, 0x00000000de670000)
  to   space 26176K,   0% used [0x00000000de670000, 0x00000000de670000, 0x00000000e0000000)
 tenured generation   total 524288K, used 139710K [0x00000000e0000000, 0x0000000100000000, 0x0000000100000000)
   the space 524288K,  26% used [0x00000000e0000000, 0x00000000e886fa50, 0x00000000e886fc00, 0x0000000100000000)
 Metaspace       used 71325K, capacity 74374K, committed 74456K, reserved 1114112K
  class space    used 9040K, capacity 9938K, committed 9944K, reserved 1048576K
Event: 157.108 GC heap after
Heap after GC invocations=30 (full 3):
 def new generation   total 235968K, used 7800K [0x00000000d0000000, 0x00000000e0000000, 0x00000000e0000000)
  eden space 209792K,   0% used [0x00000000d0000000, 0x00000000d0000000, 0x00000000dcce0000)
  from space 26176K,  29% used [0x00000000de670000, 0x00000000dee0e058, 0x00000000e0000000)
  to   space 26176K,   0% used [0x00000000dcce0000, 0x00000000dcce0000, 0x00000000de670000)
 tenured generation   total 524288K, used 148635K [0x00000000e0000000, 0x0000000100000000, 0x0000000100000000)
   the space 524288K,  28% used [0x00000000e0000000, 0x00000000e9126f98, 0x00000000e9127000, 0x0000000100000000)
 Metaspace       used 71325K, capacity 74374K, committed 74456K, reserved 1114112K
  class space    used 9040K, capacity 9938K, committed 9944K, reserved 1048576K
}
Event: 158.934 GC heap before
{Heap before GC invocations=30 (full 3):
 def new generation   total 235968K, used 217592K [0x00000000d0000000, 0x00000000e0000000, 0x00000000e0000000)
  eden space 209792K, 100% used [0x00000000d0000000, 0x00000000dcce0000, 0x00000000dcce0000)
  from space 26176K,  29% used [0x00000000de670000, 0x00000000dee0e058, 0x00000000e0000000)
  to   space 26176K,   0% used [0x00000000dcce0000, 0x00000000dcce0000, 0x00000000de670000)
 tenured generation   total 524288K, used 148635K [0x00000000e0000000, 0x0000000100000000, 0x0000000100000000)
   the space 524288K,  28% used [0x00000000e0000000, 0x00000000e9126f98, 0x00000000e9127000, 0x0000000100000000)
 Metaspace       used 75107K, capacity 78422K, committed 78680K, reserved 1118208K
  class space    used 9477K, capacity 10505K, committed 10584K, reserved 1048576K
Event: 158.958 GC heap after
Heap after GC invocations=31 (full 3):
 def new generation   total 235968K, used 13941K [0x00000000d0000000, 0x00000000e0000000, 0x00000000e0000000)
  eden space 209792K,   0% used [0x00000000d0000000, 0x00000000d0000000, 0x00000000dcce0000)
  from space 26176K,  53% used [0x00000000dcce0000, 0x00000000dda7d630, 0x00000000de670000)
  to   space 26176K,   0% used [0x00000000de670000, 0x00000000de670000, 0x00000000e0000000)
 tenured generation   total 524288K, used 148635K [0x00000000e0000000, 0x0000000100000000, 0x0000000100000000)
   the space 524288K,  28% used [0x00000000e0000000, 0x00000000e9126f98, 0x00000000e9127000, 0x0000000100000000)
 Metaspace       used 75107K, capacity 78422K, committed 78680K, reserved 1118208K
  class space    used 9477K, capacity 10505K, committed 10584K, reserved 1048576K
}
Event: 642.299 GC heap before
{Heap before GC invocations=31 (full 3):
 def new generation   total 235968K, used 223733K [0x00000000d0000000, 0x00000000e0000000, 0x00000000e0000000)
  eden space 209792K, 100% used [0x00000000d0000000, 0x00000000dcce0000, 0x00000000dcce0000)
  from space 26176K,  53% used [0x00000000dcce0000, 0x00000000dda7d630, 0x00000000de670000)
  to   space 26176K,   0% used [0x00000000de670000, 0x00000000de670000, 0x00000000e0000000)
 tenured generation   total 524288K, used 148635K [0x00000000e0000000, 0x0000000100000000, 0x0000000100000000)
   the space 524288K,  28% used [0x00000000e0000000, 0x00000000e9126f98, 0x00000000e9127000, 0x0000000100000000)
 Metaspace       used 76501K, capacity 80096K, committed 80216K, reserved 1118208K
  class space    used 9717K, capacity 10828K, committed 10840K, reserved 1048576K
Event: 642.327 GC heap after
Heap after GC invocations=32 (full 3):
 def new generation   total 235968K, used 11888K [0x00000000d0000000, 0x00000000e0000000, 0x00000000e0000000)
  eden space 209792K,   0% used [0x00000000d0000000, 0x00000000d0000000, 0x00000000dcce0000)
  from space 26176K,  45% used [0x00000000de670000, 0x00000000df20c100, 0x00000000e0000000)
  to   space 26176K,   0% used [0x00000000dcce0000, 0x00000000dcce0000, 0x00000000de670000)
 tenured generation   total 524288K, used 153054K [0x00000000e0000000, 0x0000000100000000, 0x0000000100000000)
   the space 524288K,  29% used [0x00000000e0000000, 0x00000000e9577858, 0x00000000e9577a00, 0x0000000100000000)
 Metaspace       used 76501K, capacity 80096K, committed 80216K, reserved 1118208K
  class space    used 9717K, capacity 10828K, committed 10840K, reserved 1048576K
}
Event: 737.511 GC heap before
{Heap before GC invocations=32 (full 3):
 def new generation   total 235968K, used 221680K [0x00000000d0000000, 0x00000000e0000000, 0x00000000e0000000)
  eden space 209792K, 100% used [0x00000000d0000000, 0x00000000dcce0000, 0x00000000dcce0000)
  from space 26176K,  45% used [0x00000000de670000, 0x00000000df20c100, 0x00000000e0000000)
  to   space 26176K,   0% used [0x00000000dcce0000, 0x00000000dcce0000, 0x00000000de670000)
 tenured generation   total 524288K, used 153054K [0x00000000e0000000, 0x0000000100000000, 0x0000000100000000)
   the space 524288K,  29% used [0x00000000e0000000, 0x00000000e9577858, 0x00000000e9577a00, 0x0000000100000000)
 Metaspace       used 77911K, capacity 81734K, committed 81880K, reserved 1120256K
  class space    used 10032K, capacity 11220K, committed 11224K, reserved 1048576K
Event: 737.536 GC heap after
Heap after GC invocations=33 (full 3):
 def new generation   total 235968K, used 16157K [0x00000000d0000000, 0x00000000e0000000, 0x00000000e0000000)
  eden space 209792K,   0% used [0x00000000d0000000, 0x00000000d0000000, 0x00000000dcce0000)
  from space 26176K,  61% used [0x00000000dcce0000, 0x00000000ddca75e8, 0x00000000de670000)
  to   space 26176K,   0% used [0x00000000de670000, 0x00000000de670000, 0x00000000e0000000)
 tenured generation   total 524288K, used 153054K [0x00000000e0000000, 0x0000000100000000, 0x0000000100000000)
   the space 524288K,  29% used [0x00000000e0000000, 0x00000000e9577858, 0x00000000e9577a00, 0x0000000100000000)
 Metaspace       used 77911K, capacity 81734K, committed 81880K, reserved 1120256K
  class space    used 10032K, capacity 11220K, committed 11224K, reserved 1048576K
}

