# JRE version: OpenJDK Runtime Environment (8.0_131-b11) (build 1.8.0_131-8u131-b11-0ubuntu1.16.04.2-b11)
# Java VM: OpenJDK 64-Bit Server VM (25.131-b11 mixed mode linux-amd64 compressed oops)
Heap:
 def new generation   total 123392K, used 13599K [0x00000000c0000000, 0x00000000c85e0000, 0x00000000d5550000)
  eden space 109696K,  12% used [0x00000000c0000000, 0x00000000c0d47d40, 0x00000000c6b20000)
  from space 13696K,   0% used [0x00000000c6b20000, 0x00000000c6b20000, 0x00000000c7880000)
  to   space 13696K,   0% used [0x00000000c7880000, 0x00000000c7880000, 0x00000000c85e0000)
 tenured generation   total 367548K, used 367548K [0x00000000d5550000, 0x00000000ebc3f000, 0x0000000100000000)
   the space 367548K, 100% used [0x00000000d5550000, 0x00000000ebc3f000, 0x00000000ebc3f000, 0x00000000ebc3f000)
 Metaspace       used 45509K, capacity 47334K, committed 47360K, reserved 1089536K
  class space    used 6074K, capacity 6630K, committed 6656K, reserved 1048576K
GC Heap History (10 events):
Event: 25.003 GC heap after
Heap after GC invocations=110 (full 8):
 def new generation   total 119232K, used 0K [0x00000000c0000000, 0x00000000c8160000, 0x00000000d5550000)
  eden space 105984K,   0% used [0x00000000c0000000, 0x00000000c0000000, 0x00000000c6780000)
  from space 13248K,   0% used [0x00000000c6780000, 0x00000000c6780000, 0x00000000c7470000)
  to   space 13248K,   0% used [0x00000000c7470000, 0x00000000c7470000, 0x00000000c8160000)
 tenured generation   total 264808K, used 94954K [0x00000000d5550000, 0x00000000e57ea000, 0x0000000100000000)
   the space 264808K,  35% used [0x00000000d5550000, 0x00000000db20aae8, 0x00000000db20ac00, 0x00000000e57ea000)
 Metaspace       used 45496K, capacity 47334K, committed 47360K, reserved 1089536K
  class space    used 6074K, capacity 6630K, committed 6656K, reserved 1048576K
}
Event: 26.040 GC heap before
{Heap before GC invocations=110 (full 8):
 def new generation   total 119232K, used 105984K [0x00000000c0000000, 0x00000000c8160000, 0x00000000d5550000)
  eden space 105984K, 100% used [0x00000000c0000000, 0x00000000c6780000, 0x00000000c6780000)
  from space 13248K,   0% used [0x00000000c6780000, 0x00000000c6780000, 0x00000000c7470000)
  to   space 13248K,   0% used [0x00000000c7470000, 0x00000000c7470000, 0x00000000c8160000)
 tenured generation   total 264808K, used 94954K [0x00000000d5550000, 0x00000000e57ea000, 0x0000000100000000)
   the space 264808K,  35% used [0x00000000d5550000, 0x00000000db20aae8, 0x00000000db20ac00, 0x00000000e57ea000)
 Metaspace       used 45509K, capacity 47334K, committed 47360K, reserved 1089536K
  class space    used 6074K, capacity 6630K, committed 6656K, reserved 1048576K
Event: 26.182 GC heap after
Heap after GC invocations=111 (full 8):
 def new generation   total 119232K, used 13247K [0x00000000c0000000, 0x00000000c8160000, 0x00000000d5550000)
  eden space 105984K,   0% used [0x00000000c0000000, 0x00000000c0000000, 0x00000000c6780000)
  from space 13248K,  99% used [0x00000000c7470000, 0x00000000c815fff8, 0x00000000c8160000)
  to   space 13248K,   0% used [0x00000000c6780000, 0x00000000c6780000, 0x00000000c7470000)
 tenured generation   total 264808K, used 149531K [0x00000000d5550000, 0x00000000e57ea000, 0x0000000100000000)
   the space 264808K,  56% used [0x00000000d5550000, 0x00000000de756ce0, 0x00000000de756e00, 0x00000000e57ea000)
 Metaspace       used 45509K, capacity 47334K, committed 47360K, reserved 1089536K
  class space    used 6074K, capacity 6630K, committed 6656K, reserved 1048576K
}
Event: 26.380 GC heap before
{Heap before GC invocations=111 (full 8):
 def new generation   total 119232K, used 87083K [0x00000000c0000000, 0x00000000c8160000, 0x00000000d5550000)
  eden space 105984K,  69% used [0x00000000c0000000, 0x00000000c481ac80, 0x00000000c6780000)
  from space 13248K,  99% used [0x00000000c7470000, 0x00000000c815fff8, 0x00000000c8160000)
  to   space 13248K,   0% used [0x00000000c6780000, 0x00000000c6780000, 0x00000000c7470000)
 tenured generation   total 264808K, used 149531K [0x00000000d5550000, 0x00000000e57ea000, 0x0000000100000000)
   the space 264808K,  56% used [0x00000000d5550000, 0x00000000de756ce0, 0x00000000de756e00, 0x00000000e57ea000)
 Metaspace       used 45509K, capacity 47334K, committed 47360K, reserved 1089536K
  class space    used 6074K, capacity 6630K, committed 6656K, reserved 1048576K
Event: 26.408 GC heap after
Heap after GC invocations=112 (full 8):
 def new generation   total 119232K, used 2K [0x00000000c0000000, 0x00000000c8160000, 0x00000000d5550000)
  eden space 105984K,   0% used [0x00000000c0000000, 0x00000000c0000000, 0x00000000c6780000)
  from space 13248K,   0% used [0x00000000c6780000, 0x00000000c67809d0, 0x00000000c7470000)
  to   space 13248K,   0% used [0x00000000c7470000, 0x00000000c7470000, 0x00000000c8160000)
 tenured generation   total 264808K, used 178473K [0x00000000d5550000, 0x00000000e57ea000, 0x0000000100000000)
   the space 264808K,  67% used [0x00000000d5550000, 0x00000000e039a578, 0x00000000e039a600, 0x00000000e57ea000)
 Metaspace       used 45509K, capacity 47334K, committed 47360K, reserved 1089536K
  class space    used 6074K, capacity 6630K, committed 6656K, reserved 1048576K
}
Event: 26.592 GC heap before
{Heap before GC invocations=112 (full 8):
 def new generation   total 119232K, used 105986K [0x00000000c0000000, 0x00000000c8160000, 0x00000000d5550000)
  eden space 105984K, 100% used [0x00000000c0000000, 0x00000000c6780000, 0x00000000c6780000)
  from space 13248K,   0% used [0x00000000c6780000, 0x00000000c67809d0, 0x00000000c7470000)
  to   space 13248K,   0% used [0x00000000c7470000, 0x00000000c7470000, 0x00000000c8160000)
 tenured generation   total 264808K, used 178473K [0x00000000d5550000, 0x00000000e57ea000, 0x0000000100000000)
   the space 264808K,  67% used [0x00000000d5550000, 0x00000000e039a578, 0x00000000e039a600, 0x00000000e57ea000)
 Metaspace       used 45509K, capacity 47334K, committed 47360K, reserved 1089536K
  class space    used 6074K, capacity 6630K, committed 6656K, reserved 1048576K
Event: 27.000 GC heap after
Heap after GC invocations=113 (full 9):
 def new generation   total 123392K, used 0K [0x00000000c0000000, 0x00000000c85e0000, 0x00000000d5550000)
  eden space 109696K,   0% used [0x00000000c0000000, 0x00000000c0000000, 0x00000000c6b20000)
  from space 13696K,   0% used [0x00000000c6b20000, 0x00000000c6b20000, 0x00000000c7880000)
  to   space 13696K,   0% used [0x00000000c7880000, 0x00000000c7880000, 0x00000000c85e0000)
 tenured generation   total 274044K, used 164424K [0x00000000d5550000, 0x00000000e60ef000, 0x0000000100000000)
   the space 274044K,  59% used [0x00000000d5550000, 0x00000000df5e23b0, 0x00000000df5e2400, 0x00000000e60ef000)
 Metaspace       used 45509K, capacity 47334K, committed 47360K, reserved 1089536K
  class space    used 6074K, capacity 6630K, committed 6656K, reserved 1048576K
}
Event: 27.461 GC heap before
{Heap before GC invocations=113 (full 9):
 def new generation   total 123392K, used 109696K [0x00000000c0000000, 0x00000000c85e0000, 0x00000000d5550000)
  eden space 109696K, 100% used [0x00000000c0000000, 0x00000000c6b20000, 0x00000000c6b20000)
  from space 13696K,   0% used [0x00000000c6b20000, 0x00000000c6b20000, 0x00000000c7880000)
  to   space 13696K,   0% used [0x00000000c7880000, 0x00000000c7880000, 0x00000000c85e0000)
 tenured generation   total 274044K, used 164424K [0x00000000d5550000, 0x00000000e60ef000, 0x0000000100000000)
   the space 274044K,  59% used [0x00000000d5550000, 0x00000000df5e23b0, 0x00000000df5e2400, 0x00000000e60ef000)
 Metaspace       used 45509K, capacity 47334K, committed 47360K, reserved 1089536K
  class space    used 6074K, capacity 6630K, committed 6656K, reserved 1048576K
Event: 27.694 GC heap after
Heap after GC invocations=114 (full 9):
 def new generation   total 123392K, used 13696K [0x00000000c0000000, 0x00000000c85e0000, 0x00000000d5550000)
  eden space 109696K,   0% used [0x00000000c0000000, 0x00000000c0000000, 0x00000000c6b20000)
  from space 13696K, 100% used [0x00000000c7880000, 0x00000000c85e0000, 0x00000000c85e0000)
  to   space 13696K,   0% used [0x00000000c6b20000, 0x00000000c6b20000, 0x00000000c7880000)
 tenured generation   total 274044K, used 260424K [0x00000000d5550000, 0x00000000e60ef000, 0x0000000100000000)
   the space 274044K,  95% used [0x00000000d5550000, 0x00000000e53a2080, 0x00000000e53a2200, 0x00000000e60ef000)
 Metaspace       used 45509K, capacity 47334K, committed 47360K, reserved 1089536K
  class space    used 6074K, capacity 6630K, committed 6656K, reserved 1048576K
}
Event: 28.145 GC heap before
{Heap before GC invocations=114 (full 9):
 def new generation   total 123392K, used 120752K [0x00000000c0000000, 0x00000000c85e0000, 0x00000000d5550000)
  eden space 109696K,  97% used [0x00000000c0000000, 0x00000000c688c3e8, 0x00000000c6b20000)
  from space 13696K, 100% used [0x00000000c7880000, 0x00000000c85e0000, 0x00000000c85e0000)
  to   space 13696K,   0% used [0x00000000c6b20000, 0x00000000c6b20000, 0x00000000c7880000)
 tenured generation   total 274044K, used 260424K [0x00000000d5550000, 0x00000000e60ef000, 0x0000000100000000)
   the space 274044K,  95% used [0x00000000d5550000, 0x00000000e53a2080, 0x00000000e53a2200, 0x00000000e60ef000)
 Metaspace       used 45509K, capacity 47334K, committed 47360K, reserved 1089536K
  class space    used 6074K, capacity 6630K, committed 6656K, reserved 1048576K

