# JRE version: OpenJDK Runtime Environment (8.0_131-b11) (build 1.8.0_131-8u131-b11-0ubuntu1.16.04.2-b11)
# Java VM: OpenJDK 64-Bit Server VM (25.131-b11 mixed mode linux-amd64 compressed oops)
Heap:
 def new generation   total 124416K, used 13641K [0x00000000c0000000, 0x00000000c86f0000, 0x00000000d5550000)
  eden space 110656K,  12% used [0x00000000c0000000, 0x00000000c0d52780, 0x00000000c6c10000)
  from space 13760K,   0% used [0x00000000c6c10000, 0x00000000c6c10000, 0x00000000c7980000)
  to   space 13760K,   0% used [0x00000000c7980000, 0x00000000c7980000, 0x00000000c86f0000)
 tenured generation   total 367764K, used 367763K [0x00000000d5550000, 0x00000000ebc75000, 0x0000000100000000)
   the space 367764K,  99% used [0x00000000d5550000, 0x00000000ebc74ff8, 0x00000000ebc75000, 0x00000000ebc75000)
 Metaspace       used 45601K, capacity 47404K, committed 47616K, reserved 1089536K
  class space    used 6078K, capacity 6631K, committed 6656K, reserved 1048576K
GC Heap History (10 events):
Event: 25.069 GC heap after
Heap after GC invocations=111 (full 8):
 def new generation   total 120320K, used 0K [0x00000000c0000000, 0x00000000c8280000, 0x00000000d5550000)
  eden space 107008K,   0% used [0x00000000c0000000, 0x00000000c0000000, 0x00000000c6880000)
  from space 13312K,   0% used [0x00000000c6880000, 0x00000000c6880000, 0x00000000c7580000)
  to   space 13312K,   0% used [0x00000000c7580000, 0x00000000c7580000, 0x00000000c8280000)
 tenured generation   total 267108K, used 97265K [0x00000000d5550000, 0x00000000e5a29000, 0x0000000100000000)
   the space 267108K,  36% used [0x00000000d5550000, 0x00000000db44c728, 0x00000000db44c800, 0x00000000e5a29000)
 Metaspace       used 45589K, capacity 47404K, committed 47616K, reserved 1089536K
  class space    used 6078K, capacity 6631K, committed 6656K, reserved 1048576K
}
Event: 26.122 GC heap before
{Heap before GC invocations=111 (full 8):
 def new generation   total 120320K, used 107008K [0x00000000c0000000, 0x00000000c8280000, 0x00000000d5550000)
  eden space 107008K, 100% used [0x00000000c0000000, 0x00000000c6880000, 0x00000000c6880000)
  from space 13312K,   0% used [0x00000000c6880000, 0x00000000c6880000, 0x00000000c7580000)
  to   space 13312K,   0% used [0x00000000c7580000, 0x00000000c7580000, 0x00000000c8280000)
 tenured generation   total 267108K, used 97265K [0x00000000d5550000, 0x00000000e5a29000, 0x0000000100000000)
   the space 267108K,  36% used [0x00000000d5550000, 0x00000000db44c728, 0x00000000db44c800, 0x00000000e5a29000)
 Metaspace       used 45601K, capacity 47404K, committed 47616K, reserved 1089536K
  class space    used 6078K, capacity 6631K, committed 6656K, reserved 1048576K
Event: 26.263 GC heap after
Heap after GC invocations=112 (full 8):
 def new generation   total 120320K, used 13312K [0x00000000c0000000, 0x00000000c8280000, 0x00000000d5550000)
  eden space 107008K,   0% used [0x00000000c0000000, 0x00000000c0000000, 0x00000000c6880000)
  from space 13312K, 100% used [0x00000000c7580000, 0x00000000c8280000, 0x00000000c8280000)
  to   space 13312K,   0% used [0x00000000c6880000, 0x00000000c6880000, 0x00000000c7580000)
 tenured generation   total 267108K, used 153007K [0x00000000d5550000, 0x00000000e5a29000, 0x0000000100000000)
   the space 267108K,  57% used [0x00000000d5550000, 0x00000000deabbd90, 0x00000000deabbe00, 0x00000000e5a29000)
 Metaspace       used 45601K, capacity 47404K, committed 47616K, reserved 1089536K
  class space    used 6078K, capacity 6631K, committed 6656K, reserved 1048576K
}
Event: 26.467 GC heap before
{Heap before GC invocations=112 (full 8):
 def new generation   total 120320K, used 84709K [0x00000000c0000000, 0x00000000c8280000, 0x00000000d5550000)
  eden space 107008K,  66% used [0x00000000c0000000, 0x00000000c45b94b0, 0x00000000c6880000)
  from space 13312K, 100% used [0x00000000c7580000, 0x00000000c8280000, 0x00000000c8280000)
  to   space 13312K,   0% used [0x00000000c6880000, 0x00000000c6880000, 0x00000000c7580000)
 tenured generation   total 267108K, used 153007K [0x00000000d5550000, 0x00000000e5a29000, 0x0000000100000000)
   the space 267108K,  57% used [0x00000000d5550000, 0x00000000deabbd90, 0x00000000deabbe00, 0x00000000e5a29000)
 Metaspace       used 45601K, capacity 47404K, committed 47616K, reserved 1089536K
  class space    used 6078K, capacity 6631K, committed 6656K, reserved 1048576K
Event: 26.505 GC heap after
Heap after GC invocations=113 (full 8):
 def new generation   total 120320K, used 5541K [0x00000000c0000000, 0x00000000c8280000, 0x00000000d5550000)
  eden space 107008K,   0% used [0x00000000c0000000, 0x00000000c0000000, 0x00000000c6880000)
  from space 13312K,  41% used [0x00000000c6880000, 0x00000000c6de9760, 0x00000000c7580000)
  to   space 13312K,   0% used [0x00000000c7580000, 0x00000000c7580000, 0x00000000c8280000)
 tenured generation   total 267108K, used 182013K [0x00000000d5550000, 0x00000000e5a29000, 0x0000000100000000)
   the space 267108K,  68% used [0x00000000d5550000, 0x00000000e070f630, 0x00000000e070f800, 0x00000000e5a29000)
 Metaspace       used 45601K, capacity 47404K, committed 47616K, reserved 1089536K
  class space    used 6078K, capacity 6631K, committed 6656K, reserved 1048576K
}
Event: 26.697 GC heap before
{Heap before GC invocations=113 (full 8):
 def new generation   total 120320K, used 112549K [0x00000000c0000000, 0x00000000c8280000, 0x00000000d5550000)
  eden space 107008K, 100% used [0x00000000c0000000, 0x00000000c6880000, 0x00000000c6880000)
  from space 13312K,  41% used [0x00000000c6880000, 0x00000000c6de9760, 0x00000000c7580000)
  to   space 13312K,   0% used [0x00000000c7580000, 0x00000000c7580000, 0x00000000c8280000)
 tenured generation   total 267108K, used 182013K [0x00000000d5550000, 0x00000000e5a29000, 0x0000000100000000)
   the space 267108K,  68% used [0x00000000d5550000, 0x00000000e070f630, 0x00000000e070f800, 0x00000000e5a29000)
 Metaspace       used 45601K, capacity 47404K, committed 47616K, reserved 1089536K
  class space    used 6078K, capacity 6631K, committed 6656K, reserved 1048576K
Event: 27.124 GC heap after
Heap after GC invocations=114 (full 9):
 def new generation   total 124416K, used 0K [0x00000000c0000000, 0x00000000c86f0000, 0x00000000d5550000)
  eden space 110656K,   0% used [0x00000000c0000000, 0x00000000c0000000, 0x00000000c6c10000)
  from space 13760K,   0% used [0x00000000c6c10000, 0x00000000c6c10000, 0x00000000c7980000)
  to   space 13760K,   0% used [0x00000000c7980000, 0x00000000c7980000, 0x00000000c86f0000)
 tenured generation   total 276180K, used 165707K [0x00000000d5550000, 0x00000000e6305000, 0x0000000100000000)
   the space 276180K,  59% used [0x00000000d5550000, 0x00000000df722dd8, 0x00000000df722e00, 0x00000000e6305000)
 Metaspace       used 45601K, capacity 47404K, committed 47616K, reserved 1089536K
  class space    used 6078K, capacity 6631K, committed 6656K, reserved 1048576K
}
Event: 27.604 GC heap before
{Heap before GC invocations=114 (full 9):
 def new generation   total 124416K, used 110656K [0x00000000c0000000, 0x00000000c86f0000, 0x00000000d5550000)
  eden space 110656K, 100% used [0x00000000c0000000, 0x00000000c6c10000, 0x00000000c6c10000)
  from space 13760K,   0% used [0x00000000c6c10000, 0x00000000c6c10000, 0x00000000c7980000)
  to   space 13760K,   0% used [0x00000000c7980000, 0x00000000c7980000, 0x00000000c86f0000)
 tenured generation   total 276180K, used 165707K [0x00000000d5550000, 0x00000000e6305000, 0x0000000100000000)
   the space 276180K,  59% used [0x00000000d5550000, 0x00000000df722dd8, 0x00000000df722e00, 0x00000000e6305000)
 Metaspace       used 45601K, capacity 47404K, committed 47616K, reserved 1089536K
  class space    used 6078K, capacity 6631K, committed 6656K, reserved 1048576K
Event: 27.837 GC heap after
Heap after GC invocations=115 (full 9):
 def new generation   total 124416K, used 13760K [0x00000000c0000000, 0x00000000c86f0000, 0x00000000d5550000)
  eden space 110656K,   0% used [0x00000000c0000000, 0x00000000c0000000, 0x00000000c6c10000)
  from space 13760K, 100% used [0x00000000c7980000, 0x00000000c86f0000, 0x00000000c86f0000)
  to   space 13760K,   0% used [0x00000000c6c10000, 0x00000000c6c10000, 0x00000000c7980000)
 tenured generation   total 276180K, used 262602K [0x00000000d5550000, 0x00000000e6305000, 0x0000000100000000)
   the space 276180K,  95% used [0x00000000d5550000, 0x00000000e55c2aa8, 0x00000000e55c2c00, 0x00000000e6305000)
 Metaspace       used 45601K, capacity 47404K, committed 47616K, reserved 1089536K
  class space    used 6078K, capacity 6631K, committed 6656K, reserved 1048576K
}
Event: 28.294 GC heap before
{Heap before GC invocations=115 (full 9):
 def new generation   total 124416K, used 119342K [0x00000000c0000000, 0x00000000c86f0000, 0x00000000d5550000)
  eden space 110656K,  95% used [0x00000000c0000000, 0x00000000c671b990, 0x00000000c6c10000)
  from space 13760K, 100% used [0x00000000c7980000, 0x00000000c86f0000, 0x00000000c86f0000)
  to   space 13760K,   0% used [0x00000000c6c10000, 0x00000000c6c10000, 0x00000000c7980000)
 tenured generation   total 276180K, used 262602K [0x00000000d5550000, 0x00000000e6305000, 0x0000000100000000)
   the space 276180K,  95% used [0x00000000d5550000, 0x00000000e55c2aa8, 0x00000000e55c2c00, 0x00000000e6305000)
 Metaspace       used 45601K, capacity 47404K, committed 47616K, reserved 1089536K
  class space    used 6078K, capacity 6631K, committed 6656K, reserved 1048576K

