# JRE version: OpenJDK Runtime Environment (8.0_131-b11) (build 1.8.0_131-8u131-b11-0ubuntu1.16.04.2-b11)
# Java VM: OpenJDK 64-Bit Server VM (25.131-b11 mixed mode linux-amd64 compressed oops)
Heap:
 def new generation   total 235968K, used 83415K [0x00000000d0000000, 0x00000000e0000000, 0x00000000e0000000)
  eden space 209792K,  29% used [0x00000000d0000000, 0x00000000d3c1d2d8, 0x00000000dcce0000)
  from space 26176K,  83% used [0x00000000dcce0000, 0x00000000de238b10, 0x00000000de670000)
  to   space 26176K,   0% used [0x00000000de670000, 0x00000000de670000, 0x00000000e0000000)
 tenured generation   total 524288K, used 139741K [0x00000000e0000000, 0x0000000100000000, 0x0000000100000000)
   the space 524288K,  26% used [0x00000000e0000000, 0x00000000e8877590, 0x00000000e8877600, 0x0000000100000000)
 Metaspace       used 68106K, capacity 70506K, committed 70576K, reserved 1112064K
  class space    used 8499K, capacity 9160K, committed 9180K, reserved 1048576K
GC Heap History (10 events):
Event: 29.913 GC heap before
{Heap before GC invocations=24 (full 3):
 def new generation   total 235968K, used 230231K [0x00000000d0000000, 0x00000000e0000000, 0x00000000e0000000)
  eden space 209792K, 100% used [0x00000000d0000000, 0x00000000dcce0000, 0x00000000dcce0000)
  from space 26176K,  78% used [0x00000000de670000, 0x00000000dfa65cf8, 0x00000000e0000000)
  to   space 26176K,   0% used [0x00000000dcce0000, 0x00000000dcce0000, 0x00000000de670000)
 tenured generation   total 524288K, used 99330K [0x00000000e0000000, 0x0000000100000000, 0x0000000100000000)
   the space 524288K,  18% used [0x00000000e0000000, 0x00000000e6100a18, 0x00000000e6100c00, 0x0000000100000000)
 Metaspace       used 61593K, capacity 63064K, committed 63152K, reserved 1103872K
  class space    used 7484K, capacity 7842K, committed 7900K, reserved 1048576K
Event: 30.038 GC heap after
Heap after GC invocations=25 (full 3):
 def new generation   total 235968K, used 17573K [0x00000000d0000000, 0x00000000e0000000, 0x00000000e0000000)
  eden space 209792K,   0% used [0x00000000d0000000, 0x00000000d0000000, 0x00000000dcce0000)
  from space 26176K,  67% used [0x00000000dcce0000, 0x00000000dde09450, 0x00000000de670000)
  to   space 26176K,   0% used [0x00000000de670000, 0x00000000de670000, 0x00000000e0000000)
 tenured generation   total 524288K, used 108635K [0x00000000e0000000, 0x0000000100000000, 0x0000000100000000)
   the space 524288K,  20% used [0x00000000e0000000, 0x00000000e6a16f80, 0x00000000e6a17000, 0x0000000100000000)
 Metaspace       used 61593K, capacity 63064K, committed 63152K, reserved 1103872K
  class space    used 7484K, capacity 7842K, committed 7900K, reserved 1048576K
}
Event: 31.450 GC heap before
{Heap before GC invocations=25 (full 3):
 def new generation   total 235968K, used 227365K [0x00000000d0000000, 0x00000000e0000000, 0x00000000e0000000)
  eden space 209792K, 100% used [0x00000000d0000000, 0x00000000dcce0000, 0x00000000dcce0000)
  from space 26176K,  67% used [0x00000000dcce0000, 0x00000000dde09450, 0x00000000de670000)
  to   space 26176K,   0% used [0x00000000de670000, 0x00000000de670000, 0x00000000e0000000)
 tenured generation   total 524288K, used 108635K [0x00000000e0000000, 0x0000000100000000, 0x0000000100000000)
   the space 524288K,  20% used [0x00000000e0000000, 0x00000000e6a16f80, 0x00000000e6a17000, 0x0000000100000000)
 Metaspace       used 63257K, capacity 64848K, committed 64944K, reserved 1105920K
  class space    used 7724K, capacity 8154K, committed 8156K, reserved 1048576K
Event: 31.550 GC heap after
Heap after GC invocations=26 (full 3):
 def new generation   total 235968K, used 14383K [0x00000000d0000000, 0x00000000e0000000, 0x00000000e0000000)
  eden space 209792K,   0% used [0x00000000d0000000, 0x00000000d0000000, 0x00000000dcce0000)
  from space 26176K,  54% used [0x00000000de670000, 0x00000000df47bf88, 0x00000000e0000000)
  to   space 26176K,   0% used [0x00000000dcce0000, 0x00000000dcce0000, 0x00000000de670000)
 tenured generation   total 524288K, used 118822K [0x00000000e0000000, 0x0000000100000000, 0x0000000100000000)
   the space 524288K,  22% used [0x00000000e0000000, 0x00000000e74098c0, 0x00000000e7409a00, 0x0000000100000000)
 Metaspace       used 63257K, capacity 64848K, committed 64944K, reserved 1105920K
  class space    used 7724K, capacity 8154K, committed 8156K, reserved 1048576K
}
Event: 71.817 GC heap before
{Heap before GC invocations=26 (full 3):
 def new generation   total 235968K, used 224175K [0x00000000d0000000, 0x00000000e0000000, 0x00000000e0000000)
  eden space 209792K, 100% used [0x00000000d0000000, 0x00000000dcce0000, 0x00000000dcce0000)
  from space 26176K,  54% used [0x00000000de670000, 0x00000000df47bf88, 0x00000000e0000000)
  to   space 26176K,   0% used [0x00000000dcce0000, 0x00000000dcce0000, 0x00000000de670000)
 tenured generation   total 524288K, used 118822K [0x00000000e0000000, 0x0000000100000000, 0x0000000100000000)
   the space 524288K,  22% used [0x00000000e0000000, 0x00000000e74098c0, 0x00000000e7409a00, 0x0000000100000000)
 Metaspace       used 66438K, capacity 68282K, committed 68400K, reserved 1110016K
  class space    used 8187K, capacity 8721K, committed 8796K, reserved 1048576K
Event: 71.864 GC heap after
Heap after GC invocations=27 (full 3):
 def new generation   total 235968K, used 13451K [0x00000000d0000000, 0x00000000e0000000, 0x00000000e0000000)
  eden space 209792K,   0% used [0x00000000d0000000, 0x00000000d0000000, 0x00000000dcce0000)
  from space 26176K,  51% used [0x00000000dcce0000, 0x00000000dda02dd8, 0x00000000de670000)
  to   space 26176K,   0% used [0x00000000de670000, 0x00000000de670000, 0x00000000e0000000)
 tenured generation   total 524288K, used 123802K [0x00000000e0000000, 0x0000000100000000, 0x0000000100000000)
   the space 524288K,  23% used [0x00000000e0000000, 0x00000000e78e68e8, 0x00000000e78e6a00, 0x0000000100000000)
 Metaspace       used 66438K, capacity 68282K, committed 68400K, reserved 1110016K
  class space    used 8187K, capacity 8721K, committed 8796K, reserved 1048576K
}
Event: 73.149 GC heap before
{Heap before GC invocations=27 (full 3):
 def new generation   total 235968K, used 215938K [0x00000000d0000000, 0x00000000e0000000, 0x00000000e0000000)
  eden space 209792K,  96% used [0x00000000d0000000, 0x00000000dc5bdaf8, 0x00000000dcce0000)
  from space 26176K,  51% used [0x00000000dcce0000, 0x00000000dda02dd8, 0x00000000de670000)
  to   space 26176K,   0% used [0x00000000de670000, 0x00000000de670000, 0x00000000e0000000)
 tenured generation   total 524288K, used 123802K [0x00000000e0000000, 0x0000000100000000, 0x0000000100000000)
   the space 524288K,  23% used [0x00000000e0000000, 0x00000000e78e68e8, 0x00000000e78e6a00, 0x0000000100000000)
 Metaspace       used 67772K, capacity 70060K, committed 70320K, reserved 1110016K
  class space    used 8460K, capacity 9107K, committed 9180K, reserved 1048576K
Event: 73.203 GC heap after
Heap after GC invocations=28 (full 3):
 def new generation   total 235968K, used 18320K [0x00000000d0000000, 0x00000000e0000000, 0x00000000e0000000)
  eden space 209792K,   0% used [0x00000000d0000000, 0x00000000d0000000, 0x00000000dcce0000)
  from space 26176K,  69% used [0x00000000de670000, 0x00000000df854038, 0x00000000e0000000)
  to   space 26176K,   0% used [0x00000000dcce0000, 0x00000000dcce0000, 0x00000000de670000)
 tenured generation   total 524288K, used 129637K [0x00000000e0000000, 0x0000000100000000, 0x0000000100000000)
   the space 524288K,  24% used [0x00000000e0000000, 0x00000000e7e994d0, 0x00000000e7e99600, 0x0000000100000000)
 Metaspace       used 67772K, capacity 70060K, committed 70320K, reserved 1110016K
  class space    used 8460K, capacity 9107K, committed 9180K, reserved 1048576K
}
Event: 282.084 GC heap before
{Heap before GC invocations=28 (full 3):
 def new generation   total 235968K, used 226945K [0x00000000d0000000, 0x00000000e0000000, 0x00000000e0000000)
  eden space 209792K,  99% used [0x00000000d0000000, 0x00000000dcbbc4c0, 0x00000000dcce0000)
  from space 26176K,  69% used [0x00000000de670000, 0x00000000df854038, 0x00000000e0000000)
  to   space 26176K,   0% used [0x00000000dcce0000, 0x00000000dcce0000, 0x00000000de670000)
 tenured generation   total 524288K, used 129637K [0x00000000e0000000, 0x0000000100000000, 0x0000000100000000)
   the space 524288K,  24% used [0x00000000e0000000, 0x00000000e7e994d0, 0x00000000e7e99600, 0x0000000100000000)
 Metaspace       used 68080K, capacity 70498K, committed 70576K, reserved 1110016K
  class space    used 8494K, capacity 9160K, committed 9180K, reserved 1048576K
Event: 282.408 GC heap after
Heap after GC invocations=29 (full 3):
 def new generation   total 235968K, used 21858K [0x00000000d0000000, 0x00000000e0000000, 0x00000000e0000000)
  eden space 209792K,   0% used [0x00000000d0000000, 0x00000000d0000000, 0x00000000dcce0000)
  from space 26176K,  83% used [0x00000000dcce0000, 0x00000000de238b10, 0x00000000de670000)
  to   space 26176K,   0% used [0x00000000de670000, 0x00000000de670000, 0x00000000e0000000)
 tenured generation   total 524288K, used 139741K [0x00000000e0000000, 0x0000000100000000, 0x0000000100000000)
   the space 524288K,  26% used [0x00000000e0000000, 0x00000000e8877590, 0x00000000e8877600, 0x0000000100000000)
 Metaspace       used 68080K, capacity 70498K, committed 70576K, reserved 1110016K
  class space    used 8494K, capacity 9160K, committed 9180K, reserved 1048576K
}

