# JRE version: OpenJDK Runtime Environment (8.0_131-b11) (build 1.8.0_131-8u131-b11-0ubuntu1.16.04.2-b11)
# Java VM: OpenJDK 64-Bit Server VM (25.131-b11 mixed mode linux-amd64 compressed oops)
Heap:
 def new generation   total 170432K, used 169985K [0x00000000c0000000, 0x00000000cb8e0000, 0x00000000d5550000)
  eden space 151552K,  99% used [0x00000000c0000000, 0x00000000c9390600, 0x00000000c9400000)
  from space 18880K,  99% used [0x00000000ca670000, 0x00000000cb8dfff8, 0x00000000cb8e0000)
  to   space 18880K, 100% used [0x00000000c9400000, 0x00000000ca670000, 0x00000000ca670000)
 tenured generation   total 395900K, used 395900K [0x00000000d5550000, 0x00000000ed7ef000, 0x0000000100000000)
   the space 395900K, 100% used [0x00000000d5550000, 0x00000000ed7ef000, 0x00000000ed7ef000, 0x00000000ed7ef000)
 Metaspace       used 45599K, capacity 47398K, committed 47616K, reserved 1089536K
  class space    used 6072K, capacity 6630K, committed 6656K, reserved 1048576K
GC Heap History (10 events):
Event: 28.543 GC heap after
Heap after GC invocations=117 (full 11):
 def new generation   total 170432K, used 18880K [0x00000000c0000000, 0x00000000cb8e0000, 0x00000000d5550000)
  eden space 151552K,   0% used [0x00000000c0000000, 0x00000000c0000000, 0x00000000c9400000)
  from space 18880K, 100% used [0x00000000ca670000, 0x00000000cb8e0000, 0x00000000cb8e0000)
  to   space 18880K,   0% used [0x00000000c9400000, 0x00000000c9400000, 0x00000000ca670000)
 tenured generation   total 378428K, used 359726K [0x00000000d5550000, 0x00000000ec6df000, 0x0000000100000000)
   the space 378428K,  95% used [0x00000000d5550000, 0x00000000eb49bb80, 0x00000000eb49bc00, 0x00000000ec6df000)
 Metaspace       used 45582K, capacity 47398K, committed 47616K, reserved 1089536K
  class space    used 6072K, capacity 6630K, committed 6656K, reserved 1048576K
}
Event: 29.480 GC heap before
{Heap before GC invocations=117 (full 11):
 def new generation   total 170432K, used 152709K [0x00000000c0000000, 0x00000000cb8e0000, 0x00000000d5550000)
  eden space 151552K,  88% used [0x00000000c0000000, 0x00000000c82b14b8, 0x00000000c9400000)
  from space 18880K, 100% used [0x00000000ca670000, 0x00000000cb8e0000, 0x00000000cb8e0000)
  to   space 18880K,   0% used [0x00000000c9400000, 0x00000000c9400000, 0x00000000ca670000)
 tenured generation   total 378428K, used 359726K [0x00000000d5550000, 0x00000000ec6df000, 0x0000000100000000)
   the space 378428K,  95% used [0x00000000d5550000, 0x00000000eb49bb80, 0x00000000eb49bc00, 0x00000000ec6df000)
 Metaspace       used 45582K, capacity 47398K, committed 47616K, reserved 1089536K
  class space    used 6072K, capacity 6630K, committed 6656K, reserved 1048576K
Event: 29.836 GC heap after
Heap after GC invocations=118 (full 12):
 def new generation   total 170432K, used 0K [0x00000000c0000000, 0x00000000cb8e0000, 0x00000000d5550000)
  eden space 151552K,   0% used [0x00000000c0000000, 0x00000000c0000000, 0x00000000c9400000)
  from space 18880K,   0% used [0x00000000c9400000, 0x00000000c9400000, 0x00000000ca670000)
  to   space 18880K,   0% used [0x00000000ca670000, 0x00000000ca670000, 0x00000000cb8e0000)
 tenured generation   total 378428K, used 58153K [0x00000000d5550000, 0x00000000ec6df000, 0x0000000100000000)
   the space 378428K,  15% used [0x00000000d5550000, 0x00000000d8e1a560, 0x00000000d8e1a600, 0x00000000ec6df000)
 Metaspace       used 45582K, capacity 47398K, committed 47616K, reserved 1089536K
  class space    used 6072K, capacity 6630K, committed 6656K, reserved 1048576K
}
Event: 30.225 GC heap before
{Heap before GC invocations=118 (full 12):
 def new generation   total 170432K, used 151552K [0x00000000c0000000, 0x00000000cb8e0000, 0x00000000d5550000)
  eden space 151552K, 100% used [0x00000000c0000000, 0x00000000c9400000, 0x00000000c9400000)
  from space 18880K,   0% used [0x00000000c9400000, 0x00000000c9400000, 0x00000000ca670000)
  to   space 18880K,   0% used [0x00000000ca670000, 0x00000000ca670000, 0x00000000cb8e0000)
 tenured generation   total 378428K, used 58153K [0x00000000d5550000, 0x00000000ec6df000, 0x0000000100000000)
   the space 378428K,  15% used [0x00000000d5550000, 0x00000000d8e1a560, 0x00000000d8e1a600, 0x00000000ec6df000)
 Metaspace       used 45582K, capacity 47398K, committed 47616K, reserved 1089536K
  class space    used 6072K, capacity 6630K, committed 6656K, reserved 1048576K
Event: 30.409 GC heap after
Heap after GC invocations=119 (full 12):
 def new generation   total 170432K, used 18880K [0x00000000c0000000, 0x00000000cb8e0000, 0x00000000d5550000)
  eden space 151552K,   0% used [0x00000000c0000000, 0x00000000c0000000, 0x00000000c9400000)
  from space 18880K, 100% used [0x00000000ca670000, 0x00000000cb8e0000, 0x00000000cb8e0000)
  to   space 18880K,   0% used [0x00000000c9400000, 0x00000000c9400000, 0x00000000ca670000)
 tenured generation   total 378428K, used 190824K [0x00000000d5550000, 0x00000000ec6df000, 0x0000000100000000)
   the space 378428K,  50% used [0x00000000d5550000, 0x00000000e0faa298, 0x00000000e0faa400, 0x00000000ec6df000)
 Metaspace       used 45582K, capacity 47398K, committed 47616K, reserved 1089536K
  class space    used 6072K, capacity 6630K, committed 6656K, reserved 1048576K
}
Event: 31.072 GC heap before
{Heap before GC invocations=119 (full 12):
 def new generation   total 170432K, used 170432K [0x00000000c0000000, 0x00000000cb8e0000, 0x00000000d5550000)
  eden space 151552K, 100% used [0x00000000c0000000, 0x00000000c9400000, 0x00000000c9400000)
  from space 18880K, 100% used [0x00000000ca670000, 0x00000000cb8e0000, 0x00000000cb8e0000)
  to   space 18880K,   0% used [0x00000000c9400000, 0x00000000c9400000, 0x00000000ca670000)
 tenured generation   total 378428K, used 190824K [0x00000000d5550000, 0x00000000ec6df000, 0x0000000100000000)
   the space 378428K,  50% used [0x00000000d5550000, 0x00000000e0faa298, 0x00000000e0faa400, 0x00000000ec6df000)
 Metaspace       used 45582K, capacity 47398K, committed 47616K, reserved 1089536K
  class space    used 6072K, capacity 6630K, committed 6656K, reserved 1048576K
Event: 31.426 GC heap after
Heap after GC invocations=120 (full 12):
 def new generation   total 170432K, used 18880K [0x00000000c0000000, 0x00000000cb8e0000, 0x00000000d5550000)
  eden space 151552K,   0% used [0x00000000c0000000, 0x00000000c0000000, 0x00000000c9400000)
  from space 18880K, 100% used [0x00000000c9400000, 0x00000000ca670000, 0x00000000ca670000)
  to   space 18880K,   0% used [0x00000000ca670000, 0x00000000ca670000, 0x00000000cb8e0000)
 tenured generation   total 378428K, used 342375K [0x00000000d5550000, 0x00000000ec6df000, 0x0000000100000000)
   the space 378428K,  90% used [0x00000000d5550000, 0x00000000ea3a9f68, 0x00000000ea3aa000, 0x00000000ec6df000)
 Metaspace       used 45582K, capacity 47398K, committed 47616K, reserved 1089536K
  class space    used 6072K, capacity 6630K, committed 6656K, reserved 1048576K
}
Event: 33.777 GC heap before
{Heap before GC invocations=120 (full 12):
 def new generation   total 170432K, used 170432K [0x00000000c0000000, 0x00000000cb8e0000, 0x00000000d5550000)
  eden space 151552K, 100% used [0x00000000c0000000, 0x00000000c9400000, 0x00000000c9400000)
  from space 18880K, 100% used [0x00000000c9400000, 0x00000000ca670000, 0x00000000ca670000)
  to   space 18880K,   0% used [0x00000000ca670000, 0x00000000ca670000, 0x00000000cb8e0000)
 tenured generation   total 378428K, used 342375K [0x00000000d5550000, 0x00000000ec6df000, 0x0000000100000000)
   the space 378428K,  90% used [0x00000000d5550000, 0x00000000ea3a9f68, 0x00000000ea3aa000, 0x00000000ec6df000)
 Metaspace       used 45593K, capacity 47398K, committed 47616K, reserved 1089536K
  class space    used 6072K, capacity 6630K, committed 6656K, reserved 1048576K
Event: 33.870 GC heap after
Heap after GC invocations=121 (full 12):
 def new generation   total 170432K, used 18879K [0x00000000c0000000, 0x00000000cb8e0000, 0x00000000d5550000)
  eden space 151552K,   0% used [0x00000000c0000000, 0x00000000c0000000, 0x00000000c9400000)
  from space 18880K,  99% used [0x00000000ca670000, 0x00000000cb8dfff8, 0x00000000cb8e0000)
  to   space 18880K,   0% used [0x00000000c9400000, 0x00000000c9400000, 0x00000000ca670000)
 tenured generation   total 378428K, used 362271K [0x00000000d5550000, 0x00000000ec6df000, 0x0000000100000000)
   the space 378428K,  95% used [0x00000000d5550000, 0x00000000eb717dd0, 0x00000000eb717e00, 0x00000000ec6df000)
 Metaspace       used 45593K, capacity 47398K, committed 47616K, reserved 1089536K
  class space    used 6072K, capacity 6630K, committed 6656K, reserved 1048576K
}
Event: 34.743 GC heap before
{Heap before GC invocations=121 (full 12):
 def new generation   total 170432K, used 169985K [0x00000000c0000000, 0x00000000cb8e0000, 0x00000000d5550000)
  eden space 151552K,  99% used [0x00000000c0000000, 0x00000000c9390600, 0x00000000c9400000)
  from space 18880K,  99% used [0x00000000ca670000, 0x00000000cb8dfff8, 0x00000000cb8e0000)
  to   space 18880K,   0% used [0x00000000c9400000, 0x00000000c9400000, 0x00000000ca670000)
 tenured generation   total 378428K, used 362271K [0x00000000d5550000, 0x00000000ec6df000, 0x0000000100000000)
   the space 378428K,  95% used [0x00000000d5550000, 0x00000000eb717dd0, 0x00000000eb717e00, 0x00000000ec6df000)
 Metaspace       used 45599K, capacity 47398K, committed 47616K, reserved 1089536K
  class space    used 6072K, capacity 6630K, committed 6656K, reserved 1048576K

